musicPlayerApp/build/intermediates/manifest_merge_blame_file/debug/manifest-merger-blame-debug-report.txt
1<?xml version="1.0" encoding="utf-8"?>
2<manifest xmlns:android="http://schemas.android.com/apk/res/android"
3    package="com.example.musicplayer"
4    android:versionCode="1"
5    android:versionName="1.0" >
6
7    <uses-sdk
8        android:minSdkVersion="15"
8-->src\main\AndroidManifest.xml
9        android:targetSdkVersion="30" />
9-->src\main\AndroidManifest.xml
10
11    <uses-permission android:name="android.permission.READ_EXTERNAL_STORAGE" />
11-->src\main\AndroidManifest.xml:5:5-80
11-->src\main\AndroidManifest.xml:5:22-77
12    <uses-permission android:name="android.permission.WRITE_EXTERNAL_STORAGE" />
12-->src\main\AndroidManifest.xml:6:5-80
12-->src\main\AndroidManifest.xml:6:22-78
13
14    <application
14-->src\main\AndroidManifest.xml:8:5-34:19
15        android:allowBackup="true"
15-->src\main\AndroidManifest.xml:10:9-35
16        android:appComponentFactory="androidx.core.app.CoreComponentFactory"
16-->[androidx.core:core:1.3.2] AndroidManifest.xml:24:18-86
17        android:debuggable="true"
18        android:icon="@mipmap/ic_launcher"
18-->src\main\AndroidManifest.xml:11:9-43
19        android:label="@string/app_name"
19-->src\main\AndroidManifest.xml:12:9-41
20        android:requestLegacyExternalStorage="true"
20-->src\main\AndroidManifest.xml:9:9-52
21        android:roundIcon="@mipmap/ic_launcher_round"
21-->src\main\AndroidManifest.xml:13:9-54
22        android:supportsRtl="true"
22-->src\main\AndroidManifest.xml:14:9-35
23        android:testOnly="true"
24        android:theme="@style/AppTheme" >
24-->src\main\AndroidManifest.xml:15:9-40
25        <activity
25-->src\main\AndroidManifest.xml:17:9-82
26            android:name="com.example.musicplayer.MusicActivity"
26-->src\main\AndroidManifest.xml:17:19-48
27            android:launchMode="singleTop" />
27-->src\main\AndroidManifest.xml:17:49-79
28
29        <service
29-->src\main\AndroidManifest.xml:19:9-22:38
30            android:name="com.example.musicplayer.MusicService"
30-->src\main\AndroidManifest.xml:20:13-41
31            android:enabled="true"
31-->src\main\AndroidManifest.xml:21:13-35
32            android:exported="true" />
32-->src\main\AndroidManifest.xml:22:13-36
33
34        <activity
34-->src\main\AndroidManifest.xml:24:9-33:20
35            android:name="com.example.musicplayer.MainActivity"
35-->src\main\AndroidManifest.xml:25:13-41
36            android:label="丸子音乐"
36-->src\main\AndroidManifest.xml:26:13-33
37            android:launchMode="singleTop" >
37-->src\main\AndroidManifest.xml:27:13-43
38            <intent-filter>
38-->src\main\AndroidManifest.xml:28:13-32:29
39                <action android:name="android.intent.action.MAIN" />
39-->src\main\AndroidManifest.xml:29:17-69
39-->src\main\AndroidManifest.xml:29:25-66
40
41                <category android:name="android.intent.category.LAUNCHER" />
41-->src\main\AndroidManifest.xml:31:17-77
41-->src\main\AndroidManifest.xml:31:27-74
42            </intent-filter>
43        </activity>
44    </application>
45
46</manifest>